TN:
SF:src\common\helpers\http.ts
FN:12,(anonymous_0)
FNF:1
FNH:0
FNDA:0,(anonymous_0)
DA:5,3
DA:8,3
DA:9,3
DA:10,3
DA:12,3
DA:13,0
LF:6
LH:5
BRF:0
BRH:0
end_of_record
TN:
SF:src\common\hooks\usePayment.ts
FN:19,(anonymous_0)
FN:31,(anonymous_1)
FN:34,(anonymous_2)
FN:40,(anonymous_3)
FN:45,(anonymous_4)
FN:52,(anonymous_5)
FN:66,(anonymous_6)
FN:79,(anonymous_7)
FN:84,(anonymous_8)
FN:90,(anonymous_9)
FN:94,(anonymous_10)
FNF:11
FNH:8
FNDA:10,(anonymous_0)
FNDA:20,(anonymous_1)
FNDA:1,(anonymous_2)
FNDA:1,(anonymous_3)
FNDA:1,(anonymous_4)
FNDA:0,(anonymous_5)
FNDA:0,(anonymous_6)
FNDA:0,(anonymous_7)
FNDA:1,(anonymous_8)
FNDA:1,(anonymous_9)
FNDA:1,(anonymous_10)
DA:19,3
DA:20,10
DA:31,20
DA:33,10
DA:35,1
DA:40,10
DA:41,1
DA:44,10
DA:46,1
DA:51,10
DA:53,0
DA:54,0
DA:55,0
DA:59,0
DA:60,0
DA:66,10
DA:67,0
DA:68,0
DA:71,0
DA:72,0
DA:74,0
DA:75,0
DA:79,10
DA:80,0
DA:83,10
DA:85,1
DA:90,10
DA:91,1
DA:94,10
DA:95,1
DA:96,1
DA:99,0
DA:100,0
DA:121,0
DA:122,0
DA:124,0
DA:125,0
DA:129,10
LF:38
LH:20
BRDA:67,0,0,0
BRDA:67,0,1,0
BRDA:95,1,0,1
BRDA:95,1,1,0
BRDA:95,2,0,1
BRDA:95,2,1,0
BRDA:95,2,2,0
BRDA:95,2,3,0
BRF:8
BRH:2
end_of_record
TN:
SF:src\common\hooks\useProduct.ts
FN:6,(anonymous_0)
FN:9,(anonymous_1)
FN:12,(anonymous_2)
FN:16,(anonymous_3)
FNF:4
FNH:3
FNDA:2,(anonymous_0)
FNDA:4,(anonymous_1)
FNDA:2,(anonymous_2)
FNDA:0,(anonymous_3)
DA:6,3
DA:7,2
DA:8,2
DA:9,4
DA:12,2
DA:13,2
DA:16,2
DA:17,0
DA:20,2
LF:9
LH:8
BRF:0
BRH:0
end_of_record
TN:
SF:src\common\toast\toastMiddleware.ts
FN:4,(anonymous_0)
FN:4,(anonymous_1)
FN:4,(anonymous_2)
FNF:3
FNH:3
FNDA:3,(anonymous_0)
FNDA:3,(anonymous_1)
FNDA:3,(anonymous_2)
DA:4,3
DA:5,3
DA:6,2
DA:7,2
DA:12,3
LF:5
LH:5
BRDA:5,0,0,2
BRDA:5,0,1,1
BRDA:6,1,0,2
BRDA:6,1,1,1
BRF:4
BRH:4
end_of_record
TN:
SF:src\components\Navbar.tsx
FN:6,Navbar
FN:8,(anonymous_1)
FN:20,(anonymous_2)
FNF:3
FNH:3
FNDA:5,Navbar
FNDA:10,(anonymous_1)
FNDA:1,(anonymous_2)
DA:7,5
DA:8,10
DA:10,5
DA:20,1
LF:4
LH:4
BRDA:23,0,0,2
BRDA:23,0,1,3
BRF:2
BRH:2
end_of_record
TN:
SF:src\components\PaymentForm.tsx
FN:14,(anonymous_0)
FN:39,(anonymous_1)
FN:44,(anonymous_2)
FN:45,(anonymous_3)
FN:48,(anonymous_4)
FN:49,(anonymous_5)
FN:71,(anonymous_6)
FN:79,(anonymous_7)
FN:87,(anonymous_8)
FN:95,(anonymous_9)
FN:103,(anonymous_10)
FN:111,(anonymous_11)
FN:119,(anonymous_12)
FN:127,(anonymous_13)
FN:144,(anonymous_14)
FN:155,(anonymous_15)
FN:165,(anonymous_16)
FN:176,(anonymous_17)
FN:187,(anonymous_18)
FNF:19
FNH:17
FNDA:17,(anonymous_0)
FNDA:1,(anonymous_1)
FNDA:8,(anonymous_2)
FNDA:8,(anonymous_3)
FNDA:5,(anonymous_4)
FNDA:5,(anonymous_5)
FNDA:2,(anonymous_6)
FNDA:1,(anonymous_7)
FNDA:1,(anonymous_8)
FNDA:1,(anonymous_9)
FNDA:1,(anonymous_10)
FNDA:0,(anonymous_11)
FNDA:1,(anonymous_12)
FNDA:1,(anonymous_13)
FNDA:2,(anonymous_14)
FNDA:1,(anonymous_15)
FNDA:1,(anonymous_16)
FNDA:1,(anonymous_17)
FNDA:0,(anonymous_18)
DA:14,1
DA:19,17
DA:30,17
DA:37,17
DA:39,17
DA:40,1
DA:41,1
DA:44,17
DA:45,8
DA:48,17
DA:49,5
DA:51,17
DA:71,2
DA:79,1
DA:87,1
DA:95,1
DA:103,1
DA:111,0
DA:119,1
DA:128,1
DA:145,2
DA:156,1
DA:166,1
DA:176,1
DA:187,0
LF:25
LH:23
BRF:0
BRH:0
end_of_record
TN:
SF:src\components\PaymentModal.tsx
FN:13,(anonymous_0)
FN:20,(anonymous_1)
FNF:2
FNH:2
FNDA:5,(anonymous_0)
FNDA:4,(anonymous_1)
DA:13,1
DA:18,5
DA:20,5
DA:21,4
DA:23,2
DA:31,1
DA:33,1
DA:38,5
DA:40,4
LF:9
LH:9
BRDA:21,0,0,2
BRDA:21,0,1,1
BRDA:21,0,2,1
BRDA:21,0,3,0
BRDA:38,1,0,1
BRDA:38,1,1,4
BRF:6
BRH:5
end_of_record
TN:
SF:src\components\PaymentStatus.tsx
FN:4,(anonymous_0)
FNF:1
FNH:1
FNDA:2,(anonymous_0)
DA:4,1
DA:5,2
DA:7,2
LF:3
LH:3
BRDA:33,0,0,2
BRDA:33,0,1,1
BRF:2
BRH:2
end_of_record
TN:
SF:src\components\PaymentSumary.tsx
FN:3,(anonymous_0)
FN:17,(anonymous_1)
FNF:2
FNH:2
FNDA:5,(anonymous_0)
FNDA:4,(anonymous_1)
DA:3,1
DA:11,5
DA:13,5
DA:14,1
DA:17,4
DA:18,4
DA:21,4
LF:7
LH:7
BRDA:13,0,0,1
BRDA:13,0,1,4
BRDA:13,1,0,5
BRDA:13,1,1,4
BRDA:13,1,2,4
BRDA:113,2,0,1
BRDA:113,2,1,3
BRF:7
BRH:7
end_of_record
TN:
SF:src\components\ProductList.tsx
FN:5,(anonymous_0)
FN:14,(anonymous_1)
FN:25,(anonymous_2)
FN:43,(anonymous_3)
FNF:4
FNH:4
FNDA:5,(anonymous_0)
FNDA:1,(anonymous_1)
FNDA:6,(anonymous_2)
FNDA:1,(anonymous_3)
DA:5,1
DA:6,5
DA:12,5
DA:14,5
DA:15,1
DA:18,5
DA:19,1
DA:20,4
DA:21,1
DA:23,3
DA:26,6
DA:43,1
LF:12
LH:12
BRDA:18,0,0,1
BRDA:18,0,1,4
BRDA:20,1,0,1
BRDA:20,1,1,3
BRF:4
BRH:4
end_of_record
TN:
SF:src\pages\ProductsPage.tsx
FN:3,(anonymous_0)
FNF:1
FNH:1
FNDA:1,(anonymous_0)
DA:3,1
DA:4,1
LF:2
LH:2
BRF:0
BRH:0
end_of_record
TN:
SF:src\services\customerService.ts
FN:4,(anonymous_0)
FNF:1
FNH:0
FNDA:0,(anonymous_0)
DA:4,2
DA:5,0
DA:6,0
DA:9,2
LF:4
LH:2
BRF:0
BRH:0
end_of_record
TN:
SF:src\services\productService.ts
FN:4,(anonymous_0)
FNF:1
FNH:0
FNDA:0,(anonymous_0)
DA:4,3
DA:5,0
DA:6,0
DA:9,3
LF:4
LH:2
BRF:0
BRH:0
end_of_record
TN:
SF:src\services\transactionService.ts
FN:4,(anonymous_0)
FNF:1
FNH:0
FNDA:0,(anonymous_0)
DA:4,2
DA:5,0
DA:6,0
DA:7,0
DA:10,0
DA:15,0
DA:19,2
LF:7
LH:2
BRDA:10,0,0,0
BRDA:10,0,1,0
BRDA:10,0,2,0
BRDA:10,0,3,0
BRF:4
BRH:0
end_of_record
TN:
SF:src\store\themeSlice.ts
FN:15,(anonymous_0)
FN:21,(anonymous_1)
FNF:2
FNH:2
FNDA:3,(anonymous_0)
FNDA:1,(anonymous_1)
DA:7,2
DA:11,2
DA:16,3
DA:17,3
DA:18,3
DA:19,3
DA:22,1
DA:27,2
LF:8
LH:8
BRDA:17,0,0,2
BRDA:17,0,1,1
BRF:2
BRH:2
end_of_record
TN:
SF:src\store\slices\paymentSlice.ts
FN:78,(anonymous_0)
FN:97,(anonymous_1)
FN:105,(anonymous_2)
FN:114,(anonymous_3)
FN:124,(anonymous_4)
FN:127,(anonymous_5)
FN:130,(anonymous_6)
FN:143,(anonymous_7)
FN:150,(anonymous_8)
FN:158,(anonymous_9)
FN:161,(anonymous_10)
FN:186,(anonymous_11)
FN:194,(anonymous_12)
FN:200,(anonymous_13)
FN:203,(anonymous_14)
FN:213,(anonymous_15)
FN:216,(anonymous_16)
FN:220,(anonymous_17)
FN:222,(anonymous_18)
FN:226,(anonymous_19)
FN:231,(anonymous_20)
FN:235,(anonymous_21)
FN:239,(anonymous_22)
FN:249,(anonymous_23)
FNF:24
FNH:20
FNDA:0,(anonymous_0)
FNDA:2,(anonymous_1)
FNDA:2,(anonymous_2)
FNDA:1,(anonymous_3)
FNDA:0,(anonymous_4)
FNDA:1,(anonymous_5)
FNDA:1,(anonymous_6)
FNDA:1,(anonymous_7)
FNDA:0,(anonymous_8)
FNDA:0,(anonymous_9)
FNDA:1,(anonymous_10)
FNDA:1,(anonymous_11)
FNDA:1,(anonymous_12)
FNDA:1,(anonymous_13)
FNDA:2,(anonymous_14)
FNDA:2,(anonymous_15)
FNDA:2,(anonymous_16)
FNDA:2,(anonymous_17)
FNDA:1,(anonymous_18)
FNDA:1,(anonymous_19)
FNDA:1,(anonymous_20)
FNDA:1,(anonymous_21)
FNDA:1,(anonymous_22)
FNDA:1,(anonymous_23)
DA:57,4
DA:76,4
DA:79,0
DA:80,0
DA:85,0
DA:86,0
DA:88,0
DA:93,4
DA:98,2
DA:99,2
DA:100,2
DA:101,2
DA:102,2
DA:103,2
DA:106,2
DA:107,2
DA:108,2
DA:109,2
DA:110,2
DA:111,2
DA:112,2
DA:121,1
DA:122,1
DA:125,0
DA:128,1
DA:136,1
DA:137,1
DA:139,1
DA:140,1
DA:142,1
DA:143,1
DA:145,1
DA:146,1
DA:151,0
DA:152,0
DA:153,0
DA:154,0
DA:155,0
DA:156,0
DA:159,0
DA:169,1
DA:180,1
DA:181,1
DA:182,1
DA:183,1
DA:184,1
DA:193,1
DA:194,1
DA:196,1
DA:197,1
DA:201,1
DA:210,2
DA:211,2
DA:214,2
DA:217,2
DA:221,2
DA:223,1
DA:224,1
DA:227,1
DA:228,1
DA:229,1
DA:232,1
DA:233,1
DA:236,1
DA:237,1
DA:240,1
DA:242,1
DA:243,1
DA:244,1
DA:247,1
DA:250,1
DA:251,1
DA:253,1
DA:254,1
DA:275,4
LF:75
LH:62
BRDA:88,0,0,0
BRDA:88,0,1,0
BRDA:139,1,0,1
BRDA:139,1,1,0
BRDA:145,2,0,1
BRDA:145,2,1,0
BRDA:196,3,0,1
BRDA:196,3,1,0
BRDA:242,4,0,1
BRDA:242,4,1,0
BRDA:253,5,0,1
BRDA:253,5,1,0
BRF:12
BRH:5
end_of_record
TN:
SF:src\store\slices\productSlice.ts
FN:23,(anonymous_0)
FN:39,(anonymous_1)
FN:42,(anonymous_2)
FN:46,(anonymous_3)
FN:48,(anonymous_4)
FN:52,(anonymous_5)
FN:56,(anonymous_6)
FNF:7
FNH:7
FNDA:2,(anonymous_0)
FNDA:1,(anonymous_1)
FNDA:1,(anonymous_2)
FNDA:2,(anonymous_3)
FNDA:1,(anonymous_4)
FNDA:1,(anonymous_5)
FNDA:1,(anonymous_6)
DA:15,4
DA:21,4
DA:24,2
DA:25,2
DA:26,1
DA:28,1
DA:35,4
DA:40,1
DA:43,1
DA:47,2
DA:49,1
DA:50,1
DA:53,1
DA:54,1
DA:57,1
DA:58,1
DA:63,4
LF:17
LH:17
BRDA:29,0,0,1
BRDA:29,0,1,0
BRF:2
BRH:1
end_of_record
TN:
SF:src\store\thunks\customer.thunks.ts
FN:11,(anonymous_0)
FNF:1
FNH:1
FNDA:3,(anonymous_0)
DA:9,2
DA:12,3
DA:13,3
DA:18,3
DA:19,1
DA:21,2
LF:6
LH:6
BRDA:21,0,0,2
BRDA:21,0,1,1
BRF:2
BRH:2
end_of_record
TN:
SF:src\store\thunks\payment.thunks.ts
FN:12,(anonymous_0)
FNF:1
FNH:1
FNDA:1,(anonymous_0)
DA:10,3
DA:13,1
DA:14,1
DA:20,1
DA:26,0
LF:5
LH:4
BRDA:26,0,0,0
BRDA:26,0,1,0
BRF:2
BRH:0
end_of_record
TN:
SF:src\store\thunks\transaction.thunks.ts
FN:7,(anonymous_0)
FNF:1
FNH:1
FNDA:3,(anonymous_0)
DA:5,3
DA:8,3
DA:9,3
DA:10,1
DA:12,2
LF:5
LH:5
BRDA:12,0,0,2
BRDA:12,0,1,1
BRF:2
BRH:2
end_of_record
