TN:
SF:src\common\helpers\http.ts
FN:12,(anonymous_0)
FNF:1
FNH:0
FNDA:0,(anonymous_0)
DA:5,3
DA:8,3
DA:9,3
DA:10,3
DA:12,3
DA:13,0
LF:6
LH:5
BRF:0
BRH:0
end_of_record
TN:
SF:src\common\hooks\usePayment.ts
FN:19,(anonymous_0)
FN:31,(anonymous_1)
FN:34,(anonymous_2)
FN:40,(anonymous_3)
FN:45,(anonymous_4)
FN:52,(anonymous_5)
FN:66,(anonymous_6)
FN:79,(anonymous_7)
FN:84,(anonymous_8)
FN:90,(anonymous_9)
FN:94,(anonymous_10)
FNF:11
FNH:8
FNDA:10,(anonymous_0)
FNDA:20,(anonymous_1)
FNDA:1,(anonymous_2)
FNDA:1,(anonymous_3)
FNDA:1,(anonymous_4)
FNDA:0,(anonymous_5)
FNDA:0,(anonymous_6)
FNDA:0,(anonymous_7)
FNDA:1,(anonymous_8)
FNDA:1,(anonymous_9)
FNDA:1,(anonymous_10)
DA:19,3
DA:20,10
DA:31,20
DA:33,10
DA:35,1
DA:40,10
DA:41,1
DA:44,10
DA:46,1
DA:51,10
DA:53,0
DA:54,0
DA:55,0
DA:59,0
DA:60,0
DA:66,10
DA:67,0
DA:68,0
DA:71,0
DA:72,0
DA:74,0
DA:75,0
DA:79,10
DA:80,0
DA:83,10
DA:85,1
DA:90,10
DA:91,1
DA:94,10
DA:95,1
DA:96,1
DA:99,0
DA:100,0
DA:120,0
DA:121,0
DA:123,0
DA:124,0
DA:128,10
LF:38
LH:20
BRDA:67,0,0,0
BRDA:67,0,1,0
BRDA:95,1,0,1
BRDA:95,1,1,0
BRDA:95,2,0,1
BRDA:95,2,1,0
BRDA:95,2,2,0
BRDA:95,2,3,0
BRDA:104,3,0,0
BRDA:104,3,1,0
BRF:10
BRH:2
end_of_record
TN:
SF:src\common\hooks\useProduct.ts
FN:6,(anonymous_0)
FN:9,(anonymous_1)
FN:12,(anonymous_2)
FN:16,(anonymous_3)
FNF:4
FNH:3
FNDA:2,(anonymous_0)
FNDA:4,(anonymous_1)
FNDA:2,(anonymous_2)
FNDA:0,(anonymous_3)
DA:6,3
DA:7,2
DA:8,2
DA:9,4
DA:12,2
DA:13,2
DA:16,2
DA:17,0
DA:20,2
LF:9
LH:8
BRF:0
BRH:0
end_of_record
TN:
SF:src\components\Navbar.tsx
FN:6,Navbar
FN:8,(anonymous_1)
FN:20,(anonymous_2)
FNF:3
FNH:3
FNDA:5,Navbar
FNDA:10,(anonymous_1)
FNDA:1,(anonymous_2)
DA:7,5
DA:8,10
DA:10,5
DA:20,1
LF:4
LH:4
BRDA:23,0,0,2
BRDA:23,0,1,3
BRF:2
BRH:2
end_of_record
TN:
SF:src\components\PaymentForm.tsx
FN:14,(anonymous_0)
FN:38,(anonymous_1)
FN:43,(anonymous_2)
FN:44,(anonymous_3)
FN:47,(anonymous_4)
FN:48,(anonymous_5)
FN:70,(anonymous_6)
FN:78,(anonymous_7)
FN:86,(anonymous_8)
FN:94,(anonymous_9)
FN:102,(anonymous_10)
FN:110,(anonymous_11)
FN:120,(anonymous_12)
FN:135,(anonymous_13)
FN:146,(anonymous_14)
FN:156,(anonymous_15)
FN:167,(anonymous_16)
FN:178,(anonymous_17)
FNF:18
FNH:17
FNDA:17,(anonymous_0)
FNDA:1,(anonymous_1)
FNDA:8,(anonymous_2)
FNDA:8,(anonymous_3)
FNDA:5,(anonymous_4)
FNDA:5,(anonymous_5)
FNDA:2,(anonymous_6)
FNDA:1,(anonymous_7)
FNDA:1,(anonymous_8)
FNDA:1,(anonymous_9)
FNDA:1,(anonymous_10)
FNDA:1,(anonymous_11)
FNDA:1,(anonymous_12)
FNDA:2,(anonymous_13)
FNDA:1,(anonymous_14)
FNDA:1,(anonymous_15)
FNDA:1,(anonymous_16)
FNDA:0,(anonymous_17)
DA:14,1
DA:19,17
DA:29,17
DA:36,17
DA:38,17
DA:39,1
DA:40,1
DA:43,17
DA:44,8
DA:47,17
DA:48,5
DA:50,17
DA:70,2
DA:78,1
DA:86,1
DA:94,1
DA:102,1
DA:111,1
DA:120,1
DA:136,2
DA:147,1
DA:157,1
DA:167,1
DA:178,0
LF:24
LH:23
BRF:0
BRH:0
end_of_record
TN:
SF:src\components\PaymentModal.tsx
FN:13,(anonymous_0)
FN:20,(anonymous_1)
FNF:2
FNH:2
FNDA:5,(anonymous_0)
FNDA:4,(anonymous_1)
DA:13,1
DA:18,5
DA:20,5
DA:21,4
DA:23,2
DA:31,1
DA:33,1
DA:38,5
DA:40,4
LF:9
LH:9
BRDA:21,0,0,2
BRDA:21,0,1,1
BRDA:21,0,2,1
BRDA:21,0,3,0
BRDA:38,1,0,1
BRDA:38,1,1,4
BRF:6
BRH:5
end_of_record
TN:
SF:src\components\PaymentStatus.tsx
FN:4,(anonymous_0)
FNF:1
FNH:1
FNDA:2,(anonymous_0)
DA:4,1
DA:5,2
DA:7,2
LF:3
LH:3
BRDA:33,0,0,2
BRDA:33,0,1,1
BRF:2
BRH:2
end_of_record
TN:
SF:src\components\PaymentSumary.tsx
FN:3,(anonymous_0)
FN:17,(anonymous_1)
FNF:2
FNH:2
FNDA:5,(anonymous_0)
FNDA:4,(anonymous_1)
DA:3,1
DA:11,5
DA:13,5
DA:14,1
DA:17,4
DA:18,4
DA:21,4
LF:7
LH:7
BRDA:13,0,0,1
BRDA:13,0,1,4
BRDA:13,1,0,5
BRDA:13,1,1,4
BRDA:13,1,2,4
BRDA:113,2,0,1
BRDA:113,2,1,3
BRF:7
BRH:7
end_of_record
TN:
SF:src\components\ProductList.tsx
FN:5,(anonymous_0)
FN:14,(anonymous_1)
FN:25,(anonymous_2)
FN:43,(anonymous_3)
FNF:4
FNH:4
FNDA:5,(anonymous_0)
FNDA:1,(anonymous_1)
FNDA:6,(anonymous_2)
FNDA:1,(anonymous_3)
DA:5,1
DA:6,5
DA:12,5
DA:14,5
DA:15,1
DA:18,5
DA:19,1
DA:20,4
DA:21,1
DA:23,3
DA:26,6
DA:43,1
LF:12
LH:12
BRDA:18,0,0,1
BRDA:18,0,1,4
BRDA:20,1,0,1
BRDA:20,1,1,3
BRF:4
BRH:4
end_of_record
TN:
SF:src\pages\ProductsPage.tsx
FN:3,(anonymous_0)
FNF:1
FNH:1
FNDA:1,(anonymous_0)
DA:3,1
DA:4,1
LF:2
LH:2
BRF:0
BRH:0
end_of_record
TN:
SF:src\services\customerService.ts
FN:4,(anonymous_0)
FNF:1
FNH:0
FNDA:0,(anonymous_0)
DA:4,2
DA:5,0
DA:6,0
DA:9,2
LF:4
LH:2
BRF:0
BRH:0
end_of_record
TN:
SF:src\services\productService.ts
FN:4,(anonymous_0)
FNF:1
FNH:0
FNDA:0,(anonymous_0)
DA:4,3
DA:5,0
DA:6,0
DA:9,3
LF:4
LH:2
BRF:0
BRH:0
end_of_record
TN:
SF:src\services\transactionService.ts
FN:4,(anonymous_0)
FNF:1
FNH:0
FNDA:0,(anonymous_0)
DA:4,2
DA:5,0
DA:6,0
DA:9,2
LF:4
LH:2
BRF:0
BRH:0
end_of_record
TN:
SF:src\store\themeSlice.ts
FN:15,(anonymous_0)
FN:21,(anonymous_1)
FNF:2
FNH:2
FNDA:3,(anonymous_0)
FNDA:1,(anonymous_1)
DA:7,2
DA:11,2
DA:16,3
DA:17,3
DA:18,3
DA:19,3
DA:22,1
DA:27,2
LF:8
LH:8
BRDA:17,0,0,2
BRDA:17,0,1,1
BRF:2
BRH:2
end_of_record
TN:
SF:src\store\slices\paymentSlice.ts
FN:77,(anonymous_0)
FN:96,(anonymous_1)
FN:104,(anonymous_2)
FN:113,(anonymous_3)
FN:123,(anonymous_4)
FN:126,(anonymous_5)
FN:129,(anonymous_6)
FN:142,(anonymous_7)
FN:149,(anonymous_8)
FN:157,(anonymous_9)
FN:160,(anonymous_10)
FN:185,(anonymous_11)
FN:193,(anonymous_12)
FN:199,(anonymous_13)
FN:202,(anonymous_14)
FN:212,(anonymous_15)
FN:215,(anonymous_16)
FN:219,(anonymous_17)
FN:221,(anonymous_18)
FN:225,(anonymous_19)
FN:230,(anonymous_20)
FN:234,(anonymous_21)
FN:238,(anonymous_22)
FN:248,(anonymous_23)
FNF:24
FNH:20
FNDA:0,(anonymous_0)
FNDA:2,(anonymous_1)
FNDA:2,(anonymous_2)
FNDA:1,(anonymous_3)
FNDA:0,(anonymous_4)
FNDA:1,(anonymous_5)
FNDA:1,(anonymous_6)
FNDA:1,(anonymous_7)
FNDA:0,(anonymous_8)
FNDA:0,(anonymous_9)
FNDA:1,(anonymous_10)
FNDA:1,(anonymous_11)
FNDA:1,(anonymous_12)
FNDA:1,(anonymous_13)
FNDA:2,(anonymous_14)
FNDA:2,(anonymous_15)
FNDA:2,(anonymous_16)
FNDA:2,(anonymous_17)
FNDA:1,(anonymous_18)
FNDA:1,(anonymous_19)
FNDA:1,(anonymous_20)
FNDA:1,(anonymous_21)
FNDA:1,(anonymous_22)
FNDA:1,(anonymous_23)
DA:56,4
DA:75,4
DA:78,0
DA:79,0
DA:84,0
DA:85,0
DA:87,0
DA:92,4
DA:97,2
DA:98,2
DA:99,2
DA:100,2
DA:101,2
DA:102,2
DA:105,2
DA:106,2
DA:107,2
DA:108,2
DA:109,2
DA:110,2
DA:111,2
DA:120,1
DA:121,1
DA:124,0
DA:127,1
DA:135,1
DA:136,1
DA:138,1
DA:139,1
DA:141,1
DA:142,1
DA:144,1
DA:145,1
DA:150,0
DA:151,0
DA:152,0
DA:153,0
DA:154,0
DA:155,0
DA:158,0
DA:168,1
DA:179,1
DA:180,1
DA:181,1
DA:182,1
DA:183,1
DA:192,1
DA:193,1
DA:195,1
DA:196,1
DA:200,1
DA:209,2
DA:210,2
DA:213,2
DA:216,2
DA:220,2
DA:222,1
DA:223,1
DA:226,1
DA:227,1
DA:228,1
DA:231,1
DA:232,1
DA:235,1
DA:236,1
DA:239,1
DA:241,1
DA:242,1
DA:243,1
DA:246,1
DA:249,1
DA:250,1
DA:252,1
DA:253,1
DA:274,4
LF:75
LH:62
BRDA:87,0,0,0
BRDA:87,0,1,0
BRDA:138,1,0,1
BRDA:138,1,1,0
BRDA:144,2,0,1
BRDA:144,2,1,0
BRDA:195,3,0,1
BRDA:195,3,1,0
BRDA:241,4,0,1
BRDA:241,4,1,0
BRDA:252,5,0,1
BRDA:252,5,1,0
BRF:12
BRH:5
end_of_record
TN:
SF:src\store\slices\productSlice.ts
FN:23,(anonymous_0)
FN:39,(anonymous_1)
FN:42,(anonymous_2)
FN:46,(anonymous_3)
FN:48,(anonymous_4)
FN:52,(anonymous_5)
FN:56,(anonymous_6)
FNF:7
FNH:7
FNDA:2,(anonymous_0)
FNDA:1,(anonymous_1)
FNDA:1,(anonymous_2)
FNDA:2,(anonymous_3)
FNDA:1,(anonymous_4)
FNDA:1,(anonymous_5)
FNDA:1,(anonymous_6)
DA:15,4
DA:21,4
DA:24,2
DA:25,2
DA:26,1
DA:28,1
DA:35,4
DA:40,1
DA:43,1
DA:47,2
DA:49,1
DA:50,1
DA:53,1
DA:54,1
DA:57,1
DA:58,1
DA:63,4
LF:17
LH:17
BRDA:29,0,0,1
BRDA:29,0,1,0
BRF:2
BRH:1
end_of_record
TN:
SF:src\store\thunks\customer.thunks.ts
FN:11,(anonymous_0)
FNF:1
FNH:1
FNDA:3,(anonymous_0)
DA:9,2
DA:12,3
DA:13,3
DA:18,3
DA:19,1
DA:21,2
LF:6
LH:6
BRDA:21,0,0,2
BRDA:21,0,1,1
BRF:2
BRH:2
end_of_record
TN:
SF:src\store\thunks\payment.thunks.ts
FN:12,(anonymous_0)
FNF:1
FNH:1
FNDA:1,(anonymous_0)
DA:10,3
DA:13,1
DA:14,1
DA:20,1
DA:26,0
LF:5
LH:4
BRF:0
BRH:0
end_of_record
TN:
SF:src\store\thunks\transaction.thunks.ts
FN:7,(anonymous_0)
FNF:1
FNH:1
FNDA:3,(anonymous_0)
DA:5,3
DA:8,3
DA:9,3
DA:10,1
DA:12,2
LF:5
LH:5
BRDA:12,0,0,2
BRDA:12,0,1,1
BRF:2
BRH:2
end_of_record
